Performing C++ SOURCE FILE Test CMAKE_HAVE_LIBC_PTHREAD failed with the following output:
Change Dir: D:/Yoobee College/CS106 Integrated Studio II/MyCovidRecord_Project/MyCovidRecord/build-MyCovidRecord-Android_Qt_6_4_1_Clang_armeabi_v7a-Debug/CMakeFiles/CMakeTmp

Run Build Command(s):C:/Qt/Tools/Ninja/ninja.exe cmTC_378b8 && [1/2] Building CXX object CMakeFiles/cmTC_378b8.dir/src.cxx.o
FAILED: CMakeFiles/cmTC_378b8.dir/src.cxx.o 
C:\Users\rosep\AppData\Local\Android\Sdk\ndk\23.1.7779620\toolchains\llvm\prebuilt\windows-x86_64\bin\clang++.exe --target=armv7-none-linux-androideabi16 --sysroot=C:/Users/rosep/AppData/Local/Android/Sdk/ndk/23.1.7779620/toolchains/llvm/prebuilt/windows-x86_64/sysroot -DCMAKE_HAVE_LIBC_PTHREAD  -DQT_QML_DEBUG   -DANDROID -fdata-sections -ffunction-sections -funwind-tables -fstack-protector-strong -no-canonical-prefixes -D_FORTIFY_SOURCE=2 -march=armv7-a -mthumb -Wformat -Werror=format-security -fexceptions -frtti -stdlib=libc++  -O2 -g -DNDEBUG -fPIE -std=gnu++17 -MD -MT CMakeFiles/cmTC_378b8.dir/src.cxx.o -MF CMakeFiles\cmTC_378b8.dir\src.cxx.o.d -o CMakeFiles/cmTC_378b8.dir/src.cxx.o -c "D:/Yoobee College/CS106 Integrated Studio II/MyCovidRecord_Project/MyCovidRecord/build-MyCovidRecord-Android_Qt_6_4_1_Clang_armeabi_v7a-Debug/CMakeFiles/CMakeTmp/src.cxx"
D:/Yoobee College/CS106 Integrated Studio II/MyCovidRecord_Project/MyCovidRecord/build-MyCovidRecord-Android_Qt_6_4_1_Clang_armeabi_v7a-Debug/CMakeFiles/CMakeTmp/src.cxx:13:3: error: use of undeclared identifier 'pthread_cancel'
  pthread_cancel(thread);
  ^
1 error generated.
ninja: build stopped: subcommand failed.


Source file was:
#include <pthread.h>

static void* test_func(void* data)
{
  return data;
}

int main(void)
{
  pthread_t thread;
  pthread_create(&thread, NULL, test_func, NULL);
  pthread_detach(thread);
  pthread_cancel(thread);
  pthread_join(thread, NULL);
  pthread_atfork(NULL, NULL, NULL);
  pthread_exit(NULL);

  return 0;
}

